<?xml version="1.0" encoding="UTF-8"?>
<testng-results skipped="0" failed="0" ignored="0" total="5" passed="5">
  <reporter-output>
  </reporter-output>
  <suite name="Default suite" duration-ms="5088" started-at="2022-11-28T13:39:51 IST" finished-at="2022-11-28T13:39:56 IST">
    <groups>
      <group name="cucumber">
        <method signature="AbstractTestNGCucumberTests.runScenario(io.cucumber.testng.PickleWrapper,io.cucumber.testng.FeatureWrapper)[pri:0, instance:runner.RunCuke@59906517]" name="runScenario" class="io.cucumber.testng.AbstractTestNGCucumberTests"/>
      </group> <!-- cucumber -->
    </groups>
    <test name="Default test" duration-ms="5088" started-at="2022-11-28T13:39:51 IST" finished-at="2022-11-28T13:39:56 IST">
      <class name="runner.RunCuke">
        <test-method status="PASS" signature="setUpClass(org.testng.ITestContext)[pri:0, instance:runner.RunCuke@59906517]" name="setUpClass" is-config="true" duration-ms="679" started-at="2022-11-28T13:39:51 IST" finished-at="2022-11-28T13:39:51 IST">
          <params>
            <param index="0">
              <value>
                <![CDATA[org.testng.TestRunner@24e8de5c]]>
              </value>
            </param>
          </params>
          <reporter-output>
          </reporter-output>
        </test-method> <!-- setUpClass -->
        <test-method status="PASS" signature="runScenario(io.cucumber.testng.PickleWrapper,io.cucumber.testng.FeatureWrapper)[pri:0, instance:runner.RunCuke@59906517]" name="runScenario" duration-ms="167" started-at="2022-11-28T13:39:51 IST" description="Runs Cucumber Scenarios" data-provider="scenarios" finished-at="2022-11-28T13:39:51 IST">
          <params>
            <param index="0">
              <value>
                <![CDATA["Login to theFb website as a valid user"]]>
              </value>
            </param>
            <param index="1">
              <value>
                <![CDATA["Optional[Login Feature Test]"]]>
              </value>
            </param>
          </params>
          <reporter-output>
          </reporter-output>
        </test-method> <!-- runScenario -->
        <test-method status="PASS" signature="runScenario(io.cucumber.testng.PickleWrapper,io.cucumber.testng.FeatureWrapper)[pri:0, instance:runner.RunCuke@59906517]" name="runScenario" duration-ms="58" started-at="2022-11-28T13:39:51 IST" description="Runs Cucumber Scenarios" data-provider="scenarios" finished-at="2022-11-28T13:39:51 IST">
          <params>
            <param index="0">
              <value>
                <![CDATA["Login to theFb website as a valid user"]]>
              </value>
            </param>
            <param index="1">
              <value>
                <![CDATA["Optional[Login Feature Test]"]]>
              </value>
            </param>
          </params>
          <reporter-output>
          </reporter-output>
        </test-method> <!-- runScenario -->
        <test-method status="PASS" signature="runScenario(io.cucumber.testng.PickleWrapper,io.cucumber.testng.FeatureWrapper)[pri:0, instance:runner.RunCuke@59906517]" name="runScenario" duration-ms="35" started-at="2022-11-28T13:39:51 IST" description="Runs Cucumber Scenarios" data-provider="scenarios" finished-at="2022-11-28T13:39:52 IST">
          <params>
            <param index="0">
              <value>
                <![CDATA["Login to theFb website as a valid user"]]>
              </value>
            </param>
            <param index="1">
              <value>
                <![CDATA["Optional[Login Feature Test]"]]>
              </value>
            </param>
          </params>
          <reporter-output>
          </reporter-output>
        </test-method> <!-- runScenario -->
        <test-method status="PASS" signature="runScenario(io.cucumber.testng.PickleWrapper,io.cucumber.testng.FeatureWrapper)[pri:0, instance:runner.RunCuke@59906517]" name="runScenario" duration-ms="24" started-at="2022-11-28T13:39:52 IST" description="Runs Cucumber Scenarios" data-provider="scenarios" finished-at="2022-11-28T13:39:52 IST">
          <params>
            <param index="0">
              <value>
                <![CDATA["Login to theFb website as a valid user"]]>
              </value>
            </param>
            <param index="1">
              <value>
                <![CDATA["Optional[Login Feature Test]"]]>
              </value>
            </param>
          </params>
          <reporter-output>
          </reporter-output>
        </test-method> <!-- runScenario -->
        <test-method status="PASS" signature="runScenario(io.cucumber.testng.PickleWrapper,io.cucumber.testng.FeatureWrapper)[pri:0, instance:runner.RunCuke@59906517]" name="runScenario" duration-ms="30" started-at="2022-11-28T13:39:52 IST" description="Runs Cucumber Scenarios" data-provider="scenarios" finished-at="2022-11-28T13:39:52 IST">
          <params>
            <param index="0">
              <value>
                <![CDATA["Login to theFb website as a valid user"]]>
              </value>
            </param>
            <param index="1">
              <value>
                <![CDATA["Optional[Login Feature Test]"]]>
              </value>
            </param>
          </params>
          <reporter-output>
          </reporter-output>
        </test-method> <!-- runScenario -->
        <test-method status="PASS" signature="tearDownClass()[pri:0, instance:runner.RunCuke@59906517]" name="tearDownClass" is-config="true" duration-ms="4060" started-at="2022-11-28T13:39:52 IST" finished-at="2022-11-28T13:39:56 IST">
          <reporter-output>
          </reporter-output>
        </test-method> <!-- tearDownClass -->
      </class> <!-- runner.RunCuke -->
    </test> <!-- Default test -->
  </suite> <!-- Default suite -->
</testng-results>
